vrátili;vrátil 
dáva;dá 
dia¾nica;dia¾ni 
vızve;vızv 
Rio;ri 
autá;aut 
úkor;úko 
mesta;mes 
podpísania;podpísan 
Pıta;pıta 
neschválila;neschválil 
termín;termí 
pod¾a;po 
Milan;mila 
Bratislava;bratislav 
Cyklokoalícia;cyklokoalíc 
primátor;primát 
chodcov;chodco 
cyklistov;cyklisto 
Cyklokoalícia;cyklokoalíc 
mesta;mes 
podobne;podob 
nábreie;nábrei 
autá;aut 
prípadoch;prípadoc 
tranzitnú;tranzit 
premeni;preme 
dostanú;dostan 
vyhnal;vyh 
Dopravnú;dopra 
mestskú;mestsk 
upozoròujú;upozoròuj 
viacerıch;viacerı 
zdruenie;zdruen 
podporu;podpor 
tomto;tomto 
svojej;svoj 
budú;budú 
pruhu;pru 
nábreí;nábre 
Ïurkovskı;ïurkovsk 
Ftáènik;ftáèni 
potvrdzuje;potvrdzuj 
èase;èas 
opaènı;opaè 
komunikáciu;komunikác 
bratislavskı;bratislavsk 
Madrid;madri 
trend;tren 
riešenie;riešen 
cyklistiku;cyklistik 
povolebnom;povolebno 
siedmich;siedmi 
ešte;eš 
zmenu;zmen 
mestách;mestá 
rušnú;ruš 
nábreí;nábre 
hlavného;hlavné 
novembra;novem 
rozhodnutí;rozhodnu 
primátor;primát 
BRATISLAVA;bratislav 
neho;neh 
Andrej;and 
príklad;príkl 
jazdného;jazdné 
autá;aut 
Mostovej;mostov 
brehy;brehy 
pruhoch;pruhoc 
rieky;rieky 
Cyklokoalícia;cyklokoalíc 
nábreia;nábr 
Ftáènik;ftáèni 
rozšírenia;rozšíre 
viac;viac 
Lepšiu;le 
bıvalı;bıva 
polovice;polovic 
varuje;varuj 
èase;èas 
magistrát;magistrá 
Smeru;smer 
èas;èas 
svete;svet 
Bude;bud 
vedeniu;veden 
úplne;úpl 
obyvate¾om;obyvate¾o 
nezávislı;nezávi 
priestoru;priestor 
bratislavskom;bratislavsk 
urobil;uro 
obèianske;obèiansk 
Parí;parí 
Obávajú;obávaj 
novembrovı;novembrov 
jazdi;jazdi 
preskúma;preskúma 
